
destructella

A T A A T A G A G T A T 
| | | | | | | | | | | | 
A T A A T A G A G T A T 

A T T A T A G A G T A T 
| | | | | | | | | | | | 
A T T A T A G A G T A T 


amazonesis

C T T A T A G A G T G G T C A T 
| | | | | | | | | | | | | | | | 
C T T A T A G A G T G G T C A T 

A T A G T A G A G T A G T C A T 
| | | | | | | | | | | | | | | | 
A T A G T A G A G T A G T C A T 

C T T A T A G A G T G G T C A T 
| | | | | | | | | | | | | | | | 
C T T A T A G A G T G G T C A T 


reproduce: mismatch species
reproduce: mismatch species


U C A U C A 

C T T A T A G A G T G G T C A T 
| | | | | | | | | | | | | | | | 
C T T A T A G A G T G G T C A T 

C T T A T A G A G T G G T C A T 
| | | | | | | | | | | | | | | | 
C T T A T A G A G T G G T C A T 


Test sample 1: 0
Test sample 2: 0
Test sample 3: 0

